<?xml version="1.0" encoding="UTF-8"?>
<testsuite xmlns:xsi="http://www.w3.org/2001/XMLSchema-instance" xsi:noNamespaceSchemaLocation="https://maven.apache.org/surefire/maven-surefire-plugin/xsd/surefire-test-report.xsd" version="3.0.2" name="org.example.JdbcWrapperTest" time="0.126" tests="9" errors="0" skipped="0" failures="0">
  <properties>
[...]
</properties>
  <testcase name="constructor_nullConnection_throws" classname="org.example.JdbcWrapperTest" time="0.087"/>
  <testcase name="executeQuery_nullParameters_isAllowed" classname="org.example.JdbcWrapperTest" time="0.007"/>
  <testcase name="executeQuery_mapsMultipleColumns" classname="org.example.JdbcWrapperTest" time="0.004"/>
  <testcase name="close_closesUnderlyingConnection" classname="org.example.JdbcWrapperTest" time="0.002"/>
  <testcase name="executeUpdate_persistsAndReturnsRowCount" classname="org.example.JdbcWrapperTest" time="0.005"/>
  <testcase name="executeQuery_returnsMatchingRows" classname="org.example.JdbcWrapperTest" time="0.002"/>
  <testcase name="executeQuery_noMatches_returnsEmptyList" classname="org.example.JdbcWrapperTest" time="0.002"/>
  <testcase name="executeQuery_invalidSql_throwsSQLException" classname="org.example.JdbcWrapperTest" time="0.002"/>
  <testcase name="close_alreadyClosed_isNoOp" classname="org.example.JdbcWrapperTest" time="0.002"/>
</testsuite>